<?xml version="1.0" encoding="UTF-8"?>
<testng-results ignored="0" total="1" passed="1" failed="0" skipped="0">
  <reporter-output>
  </reporter-output>
  <suite started-at="2023-07-31T18:15:51 IST" name="Default suite" finished-at="2023-07-31T18:16:02 IST" duration-ms="11559">
    <groups>
    </groups>
    <test started-at="2023-07-31T18:15:51 IST" name="Default test" finished-at="2023-07-31T18:16:02 IST" duration-ms="11559">
      <class name="Demoopencart">
        <test-method is-config="true" signature="setup()[pri:0, instance:Demoopencart@73d983ea]" started-at="2023-07-31T18:15:51 IST" name="setup" finished-at="2023-07-31T18:15:55 IST" duration-ms="4165" status="PASS">
          <reporter-output>
          </reporter-output>
        </test-method> <!-- setup -->
        <test-method signature="mouseHoverTest()[pri:0, instance:Demoopencart@73d983ea]" started-at="2023-07-31T18:15:55 IST" name="mouseHoverTest" finished-at="2023-07-31T18:15:59 IST" duration-ms="3958" status="PASS">
          <reporter-output>
          </reporter-output>
        </test-method> <!-- mouseHoverTest -->
        <test-method is-config="true" signature="teardown()[pri:0, instance:Demoopencart@73d983ea]" started-at="2023-07-31T18:15:59 IST" name="teardown" finished-at="2023-07-31T18:16:02 IST" duration-ms="3381" status="PASS">
          <reporter-output>
          </reporter-output>
        </test-method> <!-- teardown -->
      </class> <!-- Demoopencart -->
    </test> <!-- Default test -->
  </suite> <!-- Default suite -->
</testng-results>
